<?xml version="1.0" encoding="UTF-8"?>
<!-- Generated by org.testng.reporters.JUnitXMLReporter -->
<testsuite ignored="2" hostname="LAPTOP-IRMVDLOJ" failures="0" tests="1" name="Default test" time="16.798" errors="0" timestamp="2021-07-13T17:19:19 PDT">
  <testcase classname="com.crm.qa.testcases.LoginPageTest" name="loginTest" time="4.046"/>
  <testcase classname="com.crm.qa.testcases.LoginPageTest" name="CRMlinkTest" time="0.0">
    <ignored/>
  </testcase> <!-- CRMlinkTest -->
  <testcase classname="com.crm.qa.testcases.LoginPageTest" name="LoginPageTitleTest" time="0.0">
    <ignored/>
  </testcase> <!-- LoginPageTitleTest -->
</testsuite> <!-- Default test -->
