<?xml version="1.0" encoding="UTF-8"?>
<!-- Generated by org.testng.reporters.JUnitXMLReporter -->
<testsuite ignored="0" hostname="LAPTOP-IRMVDLOJ" failures="0" tests="3" name="Default test" time="27.451" errors="0" timestamp="2021-07-09T12:50:27 PDT">
  <testcase classname="com.crm.qa.testcases.LoginPageTest" name="LoginPageTitleTest" time="0.074"/>
  <testcase classname="com.crm.qa.testcases.LoginPageTest" name="CRMlinkTest" time="0.368"/>
  <testcase classname="com.crm.qa.testcases.LoginPageTest" name="loginTest" time="3.491"/>
</testsuite> <!-- Default test -->
