<?xml version="1.0" encoding="UTF-8"?>
<!-- Generated by org.testng.reporters.JUnitXMLReporter -->
<testsuite ignored="0" hostname="LAPTOP-IRMVDLOJ" failures="0" tests="15" name="Free CRM App Test Cases" time="252.004" errors="0" timestamp="2021-07-21T22:49:40 PDT">
  <testcase classname="com.crm.qa.testcases.ContactsPageTest" name="validateContactsLabelTest" time="0.115"/>
  <testcase classname="com.crm.qa.testcases.ContactsPageTest" name="selectContactsNameTest" time="0.518"/>
  <testcase classname="com.crm.qa.testcases.ContactsPageTest" name="createContactTest" time="3.324"/>
  <testcase classname="com.crm.qa.testcases.ContactsPageTest" name="createContactTest" time="3.046"/>
  <testcase classname="com.crm.qa.testcases.ContactsPageTest" name="createContactTest" time="3.259"/>
  <testcase classname="com.crm.qa.testcases.HomePageTest" name="homePageTitleTest" time="0.011"/>
  <testcase classname="com.crm.qa.testcases.HomePageTest" name="VerifyUserNameTest" time="1.144"/>
  <testcase classname="com.crm.qa.testcases.HomePageTest" name="validateSearchBoxTest" time="1.332"/>
  <testcase classname="com.crm.qa.testcases.HomePageTest" name="clickOnContactsTest" time="1.477"/>
  <testcase classname="com.crm.qa.testcases.HomePageTest" name="clickOnDealsTest" time="1.396"/>
  <testcase classname="com.crm.qa.testcases.HomePageTest" name="clickOnCallsTest" time="1.45"/>
  <testcase classname="com.crm.qa.testcases.HomePageTest" name="clickOnLogOutTest" time="31.154"/>
  <testcase classname="com.crm.qa.testcases.LoginPageTest" name="LoginPageTitleTest" time="0.176"/>
  <testcase classname="com.crm.qa.testcases.LoginPageTest" name="CRMlinkTest" time="0.327"/>
  <testcase classname="com.crm.qa.testcases.LoginPageTest" name="loginTest" time="3.661"/>
</testsuite> <!-- Free CRM App Test Cases -->
