<?xml version="1.0" encoding="UTF-8"?>
<!-- Generated by org.testng.reporters.JUnitXMLReporter -->
<testsuite ignored="0" hostname="LAPTOP-IRMVDLOJ" failures="0" tests="15" name="Test" time="255.535" errors="0" timestamp="2021-07-21T21:49:25 PDT">
  <testcase classname="com.crm.qa.testcases.ContactsPageTest" name="validateContactsLabelTest" time="0.139"/>
  <testcase classname="com.crm.qa.testcases.ContactsPageTest" name="selectContactsNameTest" time="0.436"/>
  <testcase classname="com.crm.qa.testcases.ContactsPageTest" name="createContactTest" time="3.08"/>
  <testcase classname="com.crm.qa.testcases.ContactsPageTest" name="createContactTest" time="3.05"/>
  <testcase classname="com.crm.qa.testcases.ContactsPageTest" name="createContactTest" time="3.309"/>
  <testcase classname="com.crm.qa.testcases.HomePageTest" name="homePageTitleTest" time="0.012"/>
  <testcase classname="com.crm.qa.testcases.HomePageTest" name="VerifyUserNameTest" time="1.17"/>
  <testcase classname="com.crm.qa.testcases.HomePageTest" name="validateSearchBoxTest" time="1.335"/>
  <testcase classname="com.crm.qa.testcases.HomePageTest" name="clickOnContactsTest" time="1.384"/>
  <testcase classname="com.crm.qa.testcases.HomePageTest" name="clickOnDealsTest" time="1.233"/>
  <testcase classname="com.crm.qa.testcases.HomePageTest" name="clickOnCallsTest" time="1.151"/>
  <testcase classname="com.crm.qa.testcases.HomePageTest" name="clickOnLogOutTest" time="51.728"/>
  <testcase classname="com.crm.qa.testcases.LoginPageTest" name="LoginPageTitleTest" time="0.012"/>
  <testcase classname="com.crm.qa.testcases.LoginPageTest" name="CRMlinkTest" time="0.25"/>
  <testcase classname="com.crm.qa.testcases.LoginPageTest" name="loginTest" time="3.406"/>
</testsuite> <!-- Test -->
