<?xml version="1.0" encoding="UTF-8"?>
<!-- Generated by org.testng.reporters.JUnitXMLReporter -->
<testsuite ignored="0" hostname="LAPTOP-IRMVDLOJ" failures="0" tests="15" name="Free CRM App Test Cases" time="234.693" errors="0" timestamp="2021-08-26T17:17:31 PDT">
  <testcase classname="com.crm.qa.testcases.ContactsPageTest" name="validateContactsLabelTest" time="0.112"/>
  <testcase classname="com.crm.qa.testcases.ContactsPageTest" name="selectContactsNameTest" time="0.523"/>
  <testcase classname="com.crm.qa.testcases.ContactsPageTest" name="createContactTest" time="2.628"/>
  <testcase classname="com.crm.qa.testcases.ContactsPageTest" name="createContactTest" time="2.669"/>
  <testcase classname="com.crm.qa.testcases.ContactsPageTest" name="createContactTest" time="2.922"/>
  <testcase classname="com.crm.qa.testcases.HomePageTest" name="homePageTitleTest" time="0.013"/>
  <testcase classname="com.crm.qa.testcases.HomePageTest" name="VerifyUserNameTest" time="1.166"/>
  <testcase classname="com.crm.qa.testcases.HomePageTest" name="validateSearchBoxTest" time="1.171"/>
  <testcase classname="com.crm.qa.testcases.HomePageTest" name="clickOnContactsTest" time="1.357"/>
  <testcase classname="com.crm.qa.testcases.HomePageTest" name="clickOnDealsTest" time="1.498"/>
  <testcase classname="com.crm.qa.testcases.HomePageTest" name="clickOnCallsTest" time="1.334"/>
  <testcase classname="com.crm.qa.testcases.HomePageTest" name="clickOnLogOutTest" time="42.746"/>
  <testcase classname="com.crm.qa.testcases.LoginPageTest" name="LoginPageTitleTest" time="0.019"/>
  <testcase classname="com.crm.qa.testcases.LoginPageTest" name="CRMlinkTest" time="0.307"/>
  <testcase classname="com.crm.qa.testcases.LoginPageTest" name="loginTest" time="3.473"/>
</testsuite> <!-- Free CRM App Test Cases -->
