<?xml version="1.0" encoding="UTF-8"?>
<!-- Generated by org.testng.reporters.JUnitXMLReporter -->
<testsuite ignored="0" hostname="LAPTOP-IRMVDLOJ" failures="0" tests="15" name="Free CRM App Test Cases" time="232.487" errors="0" timestamp="2021-07-21T18:53:39 PDT">
  <testcase classname="com.crm.qa.testcases.LoginPageTest" name="LoginPageTitleTest" time="0.118"/>
  <testcase classname="com.crm.qa.testcases.LoginPageTest" name="CRMlinkTest" time="1.026"/>
  <testcase classname="com.crm.qa.testcases.LoginPageTest" name="loginTest" time="4.13"/>
  <testcase classname="com.crm.qa.testcases.HomePageTest" name="homePageTitleTest" time="0.008"/>
  <testcase classname="com.crm.qa.testcases.HomePageTest" name="VerifyUserNameTest" time="1.125"/>
  <testcase classname="com.crm.qa.testcases.HomePageTest" name="validateSearchBoxTest" time="1.251"/>
  <testcase classname="com.crm.qa.testcases.HomePageTest" name="clickOnContactsTest" time="1.347"/>
  <testcase classname="com.crm.qa.testcases.HomePageTest" name="clickOnDealsTest" time="1.246"/>
  <testcase classname="com.crm.qa.testcases.HomePageTest" name="clickOnCallsTest" time="1.43"/>
  <testcase classname="com.crm.qa.testcases.HomePageTest" name="clickOnLogOutTest" time="10.315"/>
  <testcase classname="com.crm.qa.testcases.ContactsPageTest" name="validateContactsLabelTest" time="0.077"/>
  <testcase classname="com.crm.qa.testcases.ContactsPageTest" name="selectContactsNameTest" time="0.591"/>
  <testcase classname="com.crm.qa.testcases.ContactsPageTest" name="createContactTest" time="2.747"/>
  <testcase classname="com.crm.qa.testcases.ContactsPageTest" name="createContactTest" time="3.304"/>
  <testcase classname="com.crm.qa.testcases.ContactsPageTest" name="createContactTest" time="3.421"/>
</testsuite> <!-- Free CRM App Test Cases -->
