<?xml version="1.0" encoding="UTF-8"?>
<testng-results ignored="2" total="3" passed="1" failed="0" skipped="0">
  <reporter-output>
  </reporter-output>
  <suite started-at="2021-09-29T17:04:07 PDT" name="Default suite" finished-at="2021-09-29T17:04:22 PDT" duration-ms="14456">
    <groups>
    </groups>
    <test started-at="2021-09-29T17:04:07 PDT" name="Default test" finished-at="2021-09-29T17:04:22 PDT" duration-ms="14456">
      <class name="com.crm.qa.testcases.LoginPageTest">
        <test-method is-config="true" signature="setUp()[pri:0, instance:com.crm.qa.testcases.LoginPageTest@16293aa2]" started-at="2021-09-29T17:04:07 PDT" name="setUp" finished-at="2021-09-29T17:04:21 PDT" duration-ms="13739" status="PASS">
          <reporter-output>
          </reporter-output>
        </test-method> <!-- setUp -->
        <test-method signature="LoginPageTitleTest()[pri:1, instance:com.crm.qa.testcases.LoginPageTest@16293aa2]" started-at="2021-09-29T17:04:21 PDT" name="LoginPageTitleTest" finished-at="2021-09-29T17:04:21 PDT" duration-ms="251" status="PASS">
          <reporter-output>
          </reporter-output>
        </test-method> <!-- LoginPageTitleTest -->
        <test-method is-config="true" signature="teardown()[pri:0, instance:com.crm.qa.testcases.LoginPageTest@16293aa2]" started-at="2021-09-29T17:04:21 PDT" name="teardown" finished-at="2021-09-29T17:04:22 PDT" duration-ms="389" status="PASS">
          <reporter-output>
          </reporter-output>
        </test-method> <!-- teardown -->
      </class> <!-- com.crm.qa.testcases.LoginPageTest -->
    </test> <!-- Default test -->
  </suite> <!-- Default suite -->
</testng-results>
